New log file opened at Fri Apr 01 14:10:58 CEST 2016 by 19084@DESKTOP-1G16ERB
Taking next connection to: 36309
New client attempting to connect on port: 36310-36309
  Address = /152.96.238.30:36309
Handshake exception on socket: 36310
sbt.impl.ipc.HandshakeException: Unable to perform handshake
	at sbt.impl.ipc.Peer.handshake(IPC.scala:46)
	at sbt.impl.ipc.MultiClientServer.<init>(IPC.scala:150)
	at sbt.server.SbtServerSocketHandler$$anon$1.run(SbtServerSocketHandler.scala:43)
Caused by: java.io.EOFException
	at java.io.DataInputStream.readInt(DataInputStream.java:392)
	at sbt.impl.ipc.Peer.receive(IPC.scala:95)
	at sbt.impl.ipc.Peer.handshake(IPC.scala:49)
	... 2 more
Taking next connection to: 36309
Checking to see if clients are empty...
No non-daemon clients connected after 3 min. Shutting down.
Server socket thread exiting.
0 clients open, will close them...
All client sockets have been closed.
Closing the 19084@DESKTOP-1G16ERB logs at Fri Apr 01 14:13:58 CEST 2016, goodbye.
